TRACE::2019-03-02.23:10:07::SCWPlatform:: First log statement 
TRACE::2019-03-02.23:10:07::SCWPlatform:: Platformds dir is ../pynq_bare/_platform/dsa
TRACE::2019-03-02.23:10:07::SCWPlatform:: Platform Path /home/centos/spicy/platforms/pynq_bare/_platform/dsa/pynq_bare.dsa
TRACE::2019-03-02.23:10:07::SCWPlatform:: Unique name xilinx.com:xd:pynq_bare:1.0
TRACE::2019-03-02.23:10:08::SCWPlatform::Got new hwdb pynq_bare_wrapper
TRACE::2019-03-02.23:10:08::SCWPlatform::Found the Hw Db part of the input DSA
TRACE::2019-03-02.23:10:08::SCWWriter::formatted JSON is {
	"platformName":	"pynq_bare",
	"platformDesc":	"Pynq Z1 Board",
	"platHandOff":	"./vivado/pynq_bare.dsa",
	"deviceType":	"zynq",
	"platPreBuiltFlag":	false,
	"platformSamplesDir":	""
}
TRACE::2019-03-02.23:10:08::SCWWriter::formatted JSON is {
	"platformName":	"pynq_bare",
	"platformDesc":	"Pynq Z1 Board",
	"platHandOff":	"./vivado/pynq_bare.dsa",
	"deviceType":	"zynq",
	"platPreBuiltFlag":	false,
	"platformSamplesDir":	"",
	"platActiveSys":	"linux",
	"systems":	[{
			"systemName":	"linux",
			"systemDesc":	"linux",
			"systemDispName":	"Linux",
			"sysBootDir":	"./boot",
			"sysReadme":	"./generic.readme"
		}]
}
TRACE::2019-03-02.23:12:16::SCWPlatform:: First log statement 
TRACE::2019-03-02.23:12:17::SCWPlatform:: Platformds dir is ../pynq_bare/_platform/dsa
TRACE::2019-03-02.23:12:17::SCWPlatform:: Platform Path /home/centos/spicy/platforms/pynq_bare/_platform/dsa/pynq_bare.dsa
TRACE::2019-03-02.23:12:17::SCWPlatform:: Unique name xilinx.com:xd:pynq_bare:1.0
TRACE::2019-03-02.23:12:17::SCWPlatform::Got new hwdb pynq_bare_wrapper
TRACE::2019-03-02.23:12:17::SCWPlatform::Found the Hw Db part of the input DSA
TRACE::2019-03-02.23:12:17::SCWWriter::formatted JSON is {
	"platformName":	"pynq_bare",
	"platformDesc":	"Pynq Z1 Board",
	"platHandOff":	"./vivado/pynq_bare.dsa",
	"deviceType":	"zynq",
	"platPreBuiltFlag":	true,
	"platformSamplesDir":	""
}
TRACE::2019-03-02.23:12:17::SCWWriter::formatted JSON is {
	"platformName":	"pynq_bare",
	"platformDesc":	"Pynq Z1 Board",
	"platHandOff":	"./vivado/pynq_bare.dsa",
	"deviceType":	"zynq",
	"platPreBuiltFlag":	true,
	"platformSamplesDir":	"",
	"platActiveSys":	"linux",
	"systems":	[{
			"systemName":	"linux",
			"systemDesc":	"linux",
			"systemDispName":	"Linux",
			"sysBootDir":	"./boot",
			"sysReadme":	"./generic.readme"
		}]
}
TRACE::2019-03-02.23:12:17::SCWPlatform:: Platformds dir is ../pynq_bare/_platform/dsa
TRACE::2019-03-02.23:12:17::SCWPlatform:: Platform Path /home/centos/spicy/platforms/pynq_bare/_platform/dsa/pynq_bare.dsa
TRACE::2019-03-02.23:12:17::SCWPlatform:: Unique name xilinx.com:xd:pynq_bare:1.0
TRACE::2019-03-02.23:12:17::SCWPlatform::Opened existing hwdb pynq_bare_wrapper
TRACE::2019-03-02.23:12:17::SCWPlatform::Found the Hw Db part of the input DSA
TRACE::2019-03-02.23:12:17::SCWWriter::formatted JSON is {
	"platformName":	"pynq_bare",
	"platformDesc":	"Pynq Z1 Board",
	"platHandOff":	"./vivado/pynq_bare.dsa",
	"deviceType":	"zynq",
	"platPreBuiltFlag":	true,
	"platformSamplesDir":	"",
	"platActiveSys":	"linux",
	"systems":	[{
			"systemName":	"linux",
			"systemDesc":	"linux",
			"systemDispName":	"Linux",
			"sysBootDir":	"./boot",
			"sysReadme":	"./generic.readme",
			"sysActiveDom":	"linux",
			"domains":	[{
					"domainName":	"linux",
					"domainDispName":	"linux",
					"domainDesc":	"linux",
					"processors":	"ps7_cortexa9_0",
					"os":	"linux",
					"sdxOs":	"linux",
					"debugEnable":	"False",
					"domRuntimes":	["cpp"],
					"imageLocation":	"./sw/ubuntu/image",
					"prebuiltLibs":	{
						"prebuiltIncPath":	[],
						"prebuiltLibPath":	[]
					},
					"isolation":	{
					}
				}]
		}]
}
LOG::2019-03-02.23:12:17::SCWPlatform::Started generating the artifacts platform pynq_bare
TRACE::2019-03-02.23:12:17::SCWPlatform::Sanity checking of platform is completed
LOG::2019-03-02.23:12:17::SCWPlatform::Started generating the artifacts for system configuration linux
TRACE::2019-03-02.23:12:17::SCWSystem::Copying the bif file from  ./sw/ubuntu/ubuntu.bif To ../pynq_bare/export/pynq_bare/sw/linux/boot/
LOG::2019-03-02.23:12:17::SCWSystem::Started Processing the domain linux
TRACE::2019-03-02.23:12:17::SCWDomain::Generating domain artifcats
LOG::2019-03-02.23:12:17::SCWSystem::Completed Processing the domain linux
LOG::2019-03-02.23:12:17::SCWPlatform::Completed generating the artifacts for system configuration linux
TRACE::2019-03-02.23:12:17::SCWPlatform::Started preparing the platform 
TRACE::2019-03-02.23:12:17::SCWPlatform::Started writing the spfm file 
TRACE::2019-03-02.23:12:17::SCWPlatform::Started writing the xpfm file 
TRACE::2019-03-02.23:12:17::SCWWriter::formatted JSON is {
	"platformName":	"pynq_bare",
	"platformDesc":	"Pynq Z1 Board",
	"platHandOff":	"./vivado/pynq_bare.dsa",
	"deviceType":	"zynq",
	"platPreBuiltFlag":	true,
	"platformSamplesDir":	"",
	"platActiveSys":	"linux",
	"systems":	[{
			"systemName":	"linux",
			"systemDesc":	"linux",
			"systemDispName":	"Linux",
			"sysBootDir":	"./boot",
			"bootBifFile":	"./sw/ubuntu/ubuntu.bif",
			"sysReadme":	"./generic.readme",
			"sysActiveDom":	"linux",
			"domains":	[{
					"domainName":	"linux",
					"domainDispName":	"linux",
					"domainDesc":	"linux",
					"processors":	"ps7_cortexa9_0",
					"os":	"linux",
					"sdxOs":	"linux",
					"debugEnable":	"False",
					"domRuntimes":	["cpp"],
					"imageLocation":	"./sw/ubuntu/image",
					"prebuiltLibs":	{
						"prebuiltIncPath":	[],
						"prebuiltLibPath":	[]
					},
					"isolation":	{
					}
				}]
		}]
}
